
> VieFigureStore@0.1.0 start
> react-scripts start

[34mℹ[39m [90m｢wds｣[39m: Project is running at http://192.168.53.189/
[34mℹ[39m [90m｢wds｣[39m: webpack output is served from 
[34mℹ[39m [90m｢wds｣[39m: Content not from webpack is served from /Users/viptomsu/study/figure-app/frontend/public
[34mℹ[39m [90m｢wds｣[39m: 404s will fallback to /
Starting the development server...

Browserslist: browsers data (caniuse-lite) is 8 months old. Please run:
  npx update-browserslist-db@latest
  Why you should do it regularly: https://github.com/browserslist/update-db#readme
/Users/viptomsu/study/figure-app/frontend/node_modules/react-scripts/scripts/start.js:19
  throw err;
  ^

Error: error:0308010C:digital envelope routines::unsupported
    at new Hash (node:internal/crypto/hash:79:19)
    at Object.createHash (node:crypto:139:10)
    at module.exports (/Users/viptomsu/study/figure-app/frontend/node_modules/webpack/lib/util/createHash.js:135:53)
    at NormalModule._initBuildHash (/Users/viptomsu/study/figure-app/frontend/node_modules/webpack/lib/NormalModule.js:417:16)
    at /Users/viptomsu/study/figure-app/frontend/node_modules/webpack/lib/NormalModule.js:452:10
    at /Users/viptomsu/study/figure-app/frontend/node_modules/webpack/lib/NormalModule.js:323:13
    at /Users/viptomsu/study/figure-app/frontend/node_modules/loader-runner/lib/LoaderRunner.js:367:11
    at /Users/viptomsu/study/figure-app/frontend/node_modules/loader-runner/lib/LoaderRunner.js:233:18
    at context.callback (/Users/viptomsu/study/figure-app/frontend/node_modules/loader-runner/lib/LoaderRunner.js:111:13)
    at /Users/viptomsu/study/figure-app/frontend/node_modules/babel-loader/lib/index.js:59:103
    at process.processTicksAndRejections (node:internal/process/task_queues:95:5) {
  opensslErrorStack: [
    'error:03000086:digital envelope routines::initialization error',
    'error:0308010C:digital envelope routines::unsupported'
  ],
  library: 'digital envelope routines',
  reason: 'unsupported',
  code: 'ERR_OSSL_EVP_UNSUPPORTED'
}

Node.js v20.18.2
